<?xml version="1.0" encoding="UTF-8"?>
<!-- Generated by org.testng.reporters.JUnitReportReporter -->
<testsuite hostname="MT-C02FQ37DMD6M" failures="0" tests="2" name="tests.PostPricePolicy" time="3.866" errors="0" timestamp="10 Dec 2022 14:11:12 GMT">
  <testcase classname="tests.PostPricePolicy" name="postPricePolicyOldDate" time="0.796"/>
  <testcase classname="tests.PostPricePolicy" name="postPricePolicy" time="3.070"/>
</testsuite> <!-- tests.PostPricePolicy -->
