<?xml version="1.0" encoding="UTF-8"?>
<!-- Generated by org.testng.reporters.JUnitReportReporter -->
<testsuite hostname="MT-C02FQ37DMD6M" failures="0" tests="2" name="tests.PostPricePolicy" time="4.207" errors="0" timestamp="10 Dec 2022 20:38:11 GMT">
  <testcase classname="tests.PostPricePolicy" name="postPricePolicyOldDate" time="2.079"/>
  <testcase classname="tests.PostPricePolicy" name="postPricePolicy" time="2.128"/>
</testsuite> <!-- tests.PostPricePolicy -->
